Run [t/all]:
RUN_LOG exists, delete? [y/other]
mkdir: cannot create directory ‘tmp’: File exists
Sat, 22 Jul 2017 21:49:23 +0800 RUN TIME 1
rm: cannot remove ‘TRAIN_SUCCEED’: No such file or directory
rm: cannot remove ‘EVAL_SUCCEED’: No such file or directory
Sat, 22 Jul 2017 21:49:24 +0800 Start train...
TRAIN_PID:14146
Sat, 22 Jul 2017 21:49:24 +0800 Start eval...
EVAL_PID:14151
Sat, 22 Jul 2017 21:49:24 +0800 waiting train & eval: 14146, 14151
whether to open up a new training:(y/n)please choose times to train:whether to train all historical data:(y/n)the evaluate data has already exists!
whether to delete the old evaluate directory:(y/n)please choose times to eval:time 1: 12263
generating train data...
training...
2017-07-22 21:50:05.852998: step=10(10/1), loss=1.3578, acc=0.5469; 0.141 sec/batch)
2017-07-22 21:50:07.250877: step=20(20/1), loss=1.0072, acc=0.8125; 0.134 sec/batch)
2017-07-22 21:50:08.626847: step=30(30/1), loss=0.9422, acc=0.7656; 0.144 sec/batch)
2017-07-22 21:50:10.070688: step=40(40/1), loss=0.4713, acc=0.9375; 0.121 sec/batch)
2017-07-22 21:50:11.461687: step=50(50/1), loss=0.8350, acc=0.7344; 0.134 sec/batch)
2017-07-22 21:50:12.916978: step=60(60/1), loss=0.7946, acc=0.7656; 0.136 sec/batch)
2017-07-22 21:50:17.865324: step=70(70/1), loss=0.5164, acc=0.8594; 0.198 sec/batch)
2017-07-22 21:50:19.348700: step=80(80/1), loss=0.5151, acc=0.8750; 0.137 sec/batch)
2017-07-22 21:50:21.305950: step=90(90/1), loss=0.5179, acc=0.8594; 0.193 sec/batch)
2017-07-22 21:50:23.868991: step=100(100/1), loss=0.5899, acc=0.8125; 0.217 sec/batch)
2017-07-22 21:50:26.070652: step=110(110/1), loss=0.3230, acc=0.9219; 0.179 sec/batch)
2017-07-22 21:50:27.991521: step=120(120/1), loss=0.2731, acc=0.9688; 0.216 sec/batch)
2017-07-22 21:50:32.798965: step=130(130/1), loss=0.5038, acc=0.8438; 0.179 sec/batch)
2017-07-22 21:50:34.651898: step=140(140/1), loss=0.3606, acc=0.8438; 0.200 sec/batch)
2017-07-22 21:50:36.631171: step=150(150/1), loss=0.4372, acc=0.8750; 0.201 sec/batch)
2017-07-22 21:50:38.616714: step=160(160/1), loss=0.5507, acc=0.7969; 0.219 sec/batch)
2017-07-22 21:50:40.216471: step=170(170/1), loss=0.5192, acc=0.8281; 0.128 sec/batch)
2017-07-22 21:50:41.530379: step=180(180/1), loss=0.3255, acc=0.9062; 0.149 sec/batch)
2017-07-22 21:50:42.889463: step=190(190/1), loss=0.3686, acc=0.9062; 0.135 sec/batch)
2017-07-22 21:50:46.882690: step=200(8/2), loss=0.1949, acc=0.9531; 0.194 sec/batch)
2017-07-22 21:50:49.233321: step=210(18/2), loss=0.3356, acc=0.8906; 0.282 sec/batch)
2017-07-22 21:50:51.934320: step=220(28/2), loss=0.2905, acc=0.9375; 0.266 sec/batch)
2017-07-22 21:50:54.390413: step=230(38/2), loss=0.1493, acc=0.9531; 0.227 sec/batch)
2017-07-22 21:50:56.298639: step=240(48/2), loss=0.2506, acc=0.9219; 0.177 sec/batch)
2017-07-22 21:50:58.121963: step=250(58/2), loss=0.3345, acc=0.9219; 0.139 sec/batch)
2017-07-22 21:51:02.201563: step=260(68/2), loss=0.3348, acc=0.9062; 0.209 sec/batch)
2017-07-22 21:51:04.128258: step=270(78/2), loss=0.3359, acc=0.9375; 0.220 sec/batch)
2017-07-22 21:51:06.051481: step=280(88/2), loss=0.4348, acc=0.8438; 0.198 sec/batch)
2017-07-22 21:51:07.957248: step=290(98/2), loss=0.2059, acc=0.9531; 0.198 sec/batch)
2017-07-22 21:51:09.610696: step=300(108/2), loss=0.5841, acc=0.8438; 0.133 sec/batch)
2017-07-22 21:51:11.004674: step=310(118/2), loss=0.3346, acc=0.9219; 0.113 sec/batch)
2017-07-22 21:51:12.245389: step=320(128/2), loss=0.2567, acc=0.9531; 0.088 sec/batch)
2017-07-22 21:51:16.920690: step=330(138/2), loss=0.4733, acc=0.8750; 0.280 sec/batch)
2017-07-22 21:51:19.534234: step=340(148/2), loss=0.1973, acc=0.9531; 0.287 sec/batch)
2017-07-22 21:51:22.151152: step=350(158/2), loss=0.2207, acc=0.9375; 0.250 sec/batch)
2017-07-22 21:51:24.671597: step=360(168/2), loss=0.3951, acc=0.8750; 0.185 sec/batch)
2017-07-22 21:51:26.200518: step=370(178/2), loss=0.2007, acc=0.9219; 0.138 sec/batch)
2017-07-22 21:51:27.532798: step=380(188/2), loss=0.2343, acc=0.9062; 0.139 sec/batch)
2017-07-22 21:51:31.768384: step=390(6/3), loss=0.2734, acc=0.9219; 0.192 sec/batch)
2017-07-22 21:51:33.766639: step=400(16/3), loss=0.3524, acc=0.8906; 0.213 sec/batch)
2017-07-22 21:51:35.698911: step=410(26/3), loss=0.2107, acc=0.9062; 0.205 sec/batch)
2017-07-22 21:51:37.629832: step=420(36/3), loss=0.3412, acc=0.8906; 0.173 sec/batch)
2017-07-22 21:51:39.094833: step=430(46/3), loss=0.2136, acc=0.9531; 0.138 sec/batch)
2017-07-22 21:51:40.186548: step=440(56/3), loss=0.2441, acc=0.9062; 0.079 sec/batch)
2017-07-22 21:51:45.043667: step=450(66/3), loss=0.2298, acc=0.9688; 0.272 sec/batch)
2017-07-22 21:51:47.704821: step=460(76/3), loss=0.3063, acc=0.9219; 0.249 sec/batch)
2017-07-22 21:51:50.305137: step=470(86/3), loss=0.2679, acc=0.9219; 0.250 sec/batch)
2017-07-22 21:51:52.613900: step=480(96/3), loss=0.4378, acc=0.8906; 0.197 sec/batch)
2017-07-22 21:51:54.082306: step=490(106/3), loss=0.3070, acc=0.9531; 0.137 sec/batch)
2017-07-22 21:51:55.342314: step=500(116/3), loss=0.3706, acc=0.8906; 0.128 sec/batch)
2017-07-22 21:51:56.634655: step=510(126/3), loss=0.2240, acc=0.9062; 0.114 sec/batch)
2017-07-22 21:52:00.984837: step=520(136/3), loss=0.1675, acc=0.9531; 0.239 sec/batch)
2017-07-22 21:52:03.001723: step=530(146/3), loss=0.2646, acc=0.9531; 0.180 sec/batch)
2017-07-22 21:52:04.923564: step=540(156/3), loss=0.2798, acc=0.9219; 0.158 sec/batch)
2017-07-22 21:52:06.740393: step=550(166/3), loss=0.1791, acc=0.9219; 0.122 sec/batch)
2017-07-22 21:52:07.845563: step=560(176/3), loss=0.2802, acc=0.9219; 0.077 sec/batch)
2017-07-22 21:52:08.743620: step=570(186/3), loss=0.3774, acc=0.8594; 0.161 sec/batch)
2017-07-22 21:52:14.465577: step=580(4/4), loss=0.2817, acc=0.9219; 0.299 sec/batch)
2017-07-22 21:52:17.094145: step=590(14/4), loss=0.2722, acc=0.9219; 0.300 sec/batch)
2017-07-22 21:52:19.539628: step=600(24/4), loss=0.1115, acc=0.9688; 0.231 sec/batch)
2017-07-22 21:52:21.599851: step=610(34/4), loss=0.1774, acc=0.9375; 0.229 sec/batch)
2017-07-22 21:52:22.980159: step=620(44/4), loss=0.1850, acc=0.9531; 0.135 sec/batch)
2017-07-22 21:52:24.319933: step=630(54/4), loss=0.2530, acc=0.9219; 0.132 sec/batch)
2017-07-22 21:52:25.674588: step=640(64/4), loss=0.2493, acc=0.9219; 0.115 sec/batch)
2017-07-22 21:52:30.234220: step=650(74/4), loss=0.3333, acc=0.9062; 0.199 sec/batch)
2017-07-22 21:52:32.209700: step=660(84/4), loss=0.2170, acc=0.9531; 0.215 sec/batch)
2017-07-22 21:52:34.263852: step=670(94/4), loss=0.1702, acc=0.9531; 0.200 sec/batch)
2017-07-22 21:52:35.592240: step=680(104/4), loss=0.2829, acc=0.8906; 0.084 sec/batch)
2017-07-22 21:52:36.882296: step=690(114/4), loss=0.3612, acc=0.8906; 0.169 sec/batch)
2017-07-22 21:52:38.746081: step=700(124/4), loss=0.1886, acc=0.9531; 0.185 sec/batch)
2017-07-22 21:52:44.161052: step=710(134/4), loss=0.0944, acc=0.9844; 0.263 sec/batch)
2017-07-22 21:52:46.597945: step=720(144/4), loss=0.1995, acc=0.9375; 0.204 sec/batch)
2017-07-22 21:52:48.686651: step=730(154/4), loss=0.1687, acc=0.9375; 0.191 sec/batch)
2017-07-22 21:52:50.675206: step=740(164/4), loss=0.2043, acc=0.9375; 0.147 sec/batch)
2017-07-22 21:52:52.170478: step=750(174/4), loss=0.2181, acc=0.9219; 0.128 sec/batch)
2017-07-22 21:52:53.632284: step=760(184/4), loss=0.1173, acc=0.9531; 0.140 sec/batch)
2017-07-22 21:52:57.661257: step=770(2/5), loss=0.2398, acc=0.9375; 0.193 sec/batch)
2017-07-22 21:52:59.572157: step=780(12/5), loss=0.0561, acc=1.0000; 0.151 sec/batch)
2017-07-22 21:53:01.431253: step=790(22/5), loss=0.2239, acc=0.9062; 0.110 sec/batch)
2017-07-22 21:53:03.126258: step=800(32/5), loss=0.1168, acc=0.9688; 0.168 sec/batch)
2017-07-22 21:53:05.151396: step=810(42/5), loss=0.2588, acc=0.9688; 0.201 sec/batch)
2017-07-22 21:53:07.299438: step=820(52/5), loss=0.1214, acc=0.9844; 0.179 sec/batch)
2017-07-22 21:53:09.223360: step=830(62/5), loss=0.2195, acc=0.8906; 0.210 sec/batch)
2017-07-22 21:53:14.064538: step=840(72/5), loss=0.1948, acc=0.9375; 0.185 sec/batch)
2017-07-22 21:53:16.043069: step=850(82/5), loss=0.1318, acc=0.9375; 0.151 sec/batch)
2017-07-22 21:53:18.010840: step=860(92/5), loss=0.2137, acc=0.9375; 0.173 sec/batch)
2017-07-22 21:53:20.014759: step=870(102/5), loss=0.1607, acc=0.9375; 0.188 sec/batch)
2017-07-22 21:53:21.514466: step=880(112/5), loss=0.2320, acc=0.9531; 0.140 sec/batch)
2017-07-22 21:53:22.877073: step=890(122/5), loss=0.1743, acc=0.9375; 0.141 sec/batch)
2017-07-22 21:53:27.185194: step=900(132/5), loss=0.1660, acc=0.9531; 0.191 sec/batch)
2017-07-22 21:53:28.814086: step=910(142/5), loss=0.1501, acc=0.9531; 0.195 sec/batch)
2017-07-22 21:53:31.008698: step=920(152/5), loss=0.1631, acc=0.9688; 0.254 sec/batch)
2017-07-22 21:53:33.736456: step=930(162/5), loss=0.1548, acc=0.9531; 0.284 sec/batch)
2017-07-22 21:53:36.035304: step=940(172/5), loss=0.1842, acc=0.9531; 0.184 sec/batch)
2017-07-22 21:53:38.107594: step=950(182/5), loss=0.2064, acc=0.9531; 0.164 sec/batch)
2017-07-22 21:53:39.966824: step=960(0/6), loss=0.1487, acc=0.9531; 0.134 sec/batch)
2017-07-22 21:53:44.709195: step=970(10/6), loss=0.4057, acc=0.8750; 0.218 sec/batch)
2017-07-22 21:53:46.685192: step=980(20/6), loss=0.2245, acc=0.9219; 0.211 sec/batch)
2017-07-22 21:53:48.665386: step=990(30/6), loss=0.2959, acc=0.9375; 0.187 sec/batch)
2017-07-22 21:53:50.487532: step=1000(40/6), loss=0.1835, acc=0.9219; 0.136 sec/batch)
2017-07-22 21:53:51.865467: step=1010(50/6), loss=0.1043, acc=0.9844; 0.135 sec/batch)
2017-07-22 21:53:53.223350: step=1020(60/6), loss=0.1690, acc=0.9531; 0.139 sec/batch)
2017-07-22 21:53:57.451327: step=1030(70/6), loss=0.1882, acc=0.9219; 0.310 sec/batch)
2017-07-22 21:54:00.039828: step=1040(80/6), loss=0.2187, acc=0.9219; 0.272 sec/batch)
2017-07-22 21:54:02.746007: step=1050(90/6), loss=0.1827, acc=0.9688; 0.275 sec/batch)
2017-07-22 21:54:05.450996: step=1060(100/6), loss=0.2689, acc=0.9219; 0.290 sec/batch)
2017-07-22 21:54:07.197443: step=1070(110/6), loss=0.1678, acc=0.9531; 0.139 sec/batch)
2017-07-22 21:54:08.576315: step=1080(120/6), loss=0.2603, acc=0.9375; 0.141 sec/batch)
2017-07-22 21:54:12.720914: step=1090(130/6), loss=0.3208, acc=0.9219; 0.221 sec/batch)
2017-07-22 21:54:14.750479: step=1100(140/6), loss=0.3521, acc=0.9062; 0.202 sec/batch)
2017-07-22 21:54:16.712646: step=1110(150/6), loss=0.2111, acc=0.9219; 0.203 sec/batch)
2017-07-22 21:54:18.855015: step=1120(160/6), loss=0.0969, acc=0.9844; 0.205 sec/batch)
2017-07-22 21:54:20.437507: step=1130(170/6), loss=0.1577, acc=0.9375; 0.147 sec/batch)
2017-07-22 21:54:21.823710: step=1140(180/6), loss=0.3175, acc=0.9062; 0.131 sec/batch)
2017-07-22 21:54:22.693739: step=1150(190/6), loss=0.1939, acc=0.9531; 0.087 sec/batch)
2017-07-22 21:54:27.906032: step=1160(8/7), loss=0.2970, acc=0.9219; 0.264 sec/batch)
2017-07-22 21:54:30.599519: step=1170(18/7), loss=0.5737, acc=0.8594; 0.273 sec/batch)
2017-07-22 21:54:33.297575: step=1180(28/7), loss=0.2599, acc=0.9219; 0.274 sec/batch)
2017-07-22 21:54:35.557067: step=1190(38/7), loss=0.3055, acc=0.9062; 0.232 sec/batch)
2017-07-22 21:54:36.972533: step=1200(48/7), loss=0.2027, acc=0.9062; 0.147 sec/batch)
2017-07-22 21:54:38.382796: step=1210(58/7), loss=0.1789, acc=0.9219; 0.146 sec/batch)
2017-07-22 21:54:42.790178: step=1220(68/7), loss=0.2105, acc=0.9375; 0.185 sec/batch)
2017-07-22 21:54:44.709391: step=1230(78/7), loss=0.2472, acc=0.9219; 0.139 sec/batch)
2017-07-22 21:54:46.881972: step=1240(88/7), loss=0.1773, acc=0.9375; 0.222 sec/batch)
2017-07-22 21:54:48.889989: step=1250(98/7), loss=0.2792, acc=0.9219; 0.211 sec/batch)
2017-07-22 21:54:50.015279: step=1260(108/7), loss=0.2138, acc=0.9375; 0.087 sec/batch)
2017-07-22 21:54:51.404556: step=1270(118/7), loss=0.2955, acc=0.9062; 0.117 sec/batch)
2017-07-22 21:54:53.196708: step=1280(128/7), loss=0.2822, acc=0.9219; 0.189 sec/batch)
2017-07-22 21:54:59.189211: step=1290(138/7), loss=0.1557, acc=0.9375; 0.240 sec/batch)
2017-07-22 21:55:01.452184: step=1300(148/7), loss=0.1991, acc=0.9375; 0.202 sec/batch)
2017-07-22 21:55:03.429853: step=1310(158/7), loss=0.2833, acc=0.9375; 0.224 sec/batch)
2017-07-22 21:55:05.376157: step=1320(168/7), loss=0.1542, acc=0.9375; 0.141 sec/batch)
2017-07-22 21:55:06.796326: step=1330(178/7), loss=0.2009, acc=0.9375; 0.142 sec/batch)
2017-07-22 21:55:08.183670: step=1340(188/7), loss=0.3112, acc=0.9062; 0.133 sec/batch)
2017-07-22 21:55:12.618395: step=1350(6/8), loss=0.0580, acc=1.0000; 0.186 sec/batch)
2017-07-22 21:55:14.697844: step=1360(16/8), loss=0.1543, acc=0.9375; 0.167 sec/batch)
2017-07-22 21:55:16.431444: step=1370(26/8), loss=0.0804, acc=0.9688; 0.125 sec/batch)
2017-07-22 21:55:18.310147: step=1380(36/8), loss=0.2049, acc=0.9375; 0.162 sec/batch)
2017-07-22 21:55:20.194852: step=1390(46/8), loss=0.2003, acc=0.9375; 0.205 sec/batch)
2017-07-22 21:55:22.228194: step=1400(56/8), loss=0.2543, acc=0.9375; 0.172 sec/batch)
2017-07-22 21:55:27.566436: step=1410(66/8), loss=0.0998, acc=0.9844; 0.223 sec/batch)
2017-07-22 21:55:29.651626: step=1420(76/8), loss=0.1690, acc=0.9531; 0.191 sec/batch)
2017-07-22 21:55:31.662085: step=1430(86/8), loss=0.1775, acc=0.9531; 0.239 sec/batch)
2017-07-22 21:55:33.730344: step=1440(96/8), loss=0.0834, acc=0.9844; 0.215 sec/batch)
2017-07-22 21:55:35.381595: step=1450(106/8), loss=0.1002, acc=0.9844; 0.130 sec/batch)
2017-07-22 21:55:36.740201: step=1460(116/8), loss=0.1464, acc=0.9688; 0.133 sec/batch)
2017-07-22 21:55:38.118545: step=1470(126/8), loss=0.1913, acc=0.9688; 0.141 sec/batch)
2017-07-22 21:55:42.299444: step=1480(136/8), loss=0.2694, acc=0.9062; 0.125 sec/batch)
2017-07-22 21:55:44.139883: step=1490(146/8), loss=0.2905, acc=0.9062; 0.191 sec/batch)
2017-07-22 21:55:46.541972: step=1500(156/8), loss=0.2359, acc=0.9375; 0.266 sec/batch)
2017-07-22 21:55:49.242839: step=1510(166/8), loss=0.3102, acc=0.9375; 0.260 sec/batch)
2017-07-22 21:55:51.294184: step=1520(176/8), loss=0.2370, acc=0.9375; 0.239 sec/batch)
2017-07-22 21:55:53.318098: step=1530(186/8), loss=0.2125, acc=0.9219; 0.189 sec/batch)
2017-07-22 21:55:57.730222: step=1540(4/9), loss=0.1689, acc=0.9531; 0.200 sec/batch)
2017-07-22 21:55:59.795842: step=1550(14/9), loss=0.0805, acc=0.9844; 0.211 sec/batch)
2017-07-22 21:56:01.884258: step=1560(24/9), loss=0.1716, acc=0.9531; 0.212 sec/batch)
2017-07-22 21:56:04.076510: step=1570(34/9), loss=0.1997, acc=0.9219; 0.256 sec/batch)
2017-07-22 21:56:05.506980: step=1580(44/9), loss=0.1705, acc=0.9688; 0.124 sec/batch)
2017-07-22 21:56:06.935825: step=1590(54/9), loss=0.1077, acc=0.9688; 0.166 sec/batch)
2017-07-22 21:56:08.340623: step=1600(64/9), loss=0.2969, acc=0.8750; 0.140 sec/batch)
2017-07-22 21:56:12.918146: step=1610(74/9), loss=0.2276, acc=0.9375; 0.322 sec/batch)
2017-07-22 21:56:15.617448: step=1620(84/9), loss=0.1223, acc=0.9531; 0.323 sec/batch)
2017-07-22 21:56:18.457393: step=1630(94/9), loss=0.0998, acc=0.9688; 0.264 sec/batch)
2017-07-22 21:56:21.008571: step=1640(104/9), loss=0.2668, acc=0.9531; 0.194 sec/batch)
2017-07-22 21:56:22.701035: step=1650(114/9), loss=0.1567, acc=0.9219; 0.157 sec/batch)
2017-07-22 21:56:24.117897: step=1660(124/9), loss=0.0712, acc=1.0000; 0.125 sec/batch)
2017-07-22 21:56:28.636270: step=1670(134/9), loss=0.2793, acc=0.9062; 0.184 sec/batch)
2017-07-22 21:56:30.656933: step=1680(144/9), loss=0.2596, acc=0.9375; 0.203 sec/batch)
2017-07-22 21:56:32.746732: step=1690(154/9), loss=0.2132, acc=0.9219; 0.220 sec/batch)
2017-07-22 21:56:34.664421: step=1700(164/9), loss=0.2123, acc=0.9375; 0.141 sec/batch)
2017-07-22 21:56:36.063681: step=1710(174/9), loss=0.2443, acc=0.9219; 0.139 sec/batch)
2017-07-22 21:56:37.164420: step=1720(184/9), loss=0.1859, acc=0.9531; 0.080 sec/batch)
2017-07-22 21:56:41.915694: step=1730(2/10), loss=0.2534, acc=0.9375; 0.235 sec/batch)
2017-07-22 21:56:44.588393: step=1740(12/10), loss=0.0942, acc=0.9688; 0.199 sec/batch)
2017-07-22 21:56:47.406356: step=1750(22/10), loss=0.1956, acc=0.9375; 0.253 sec/batch)
2017-07-22 21:56:49.677569: step=1760(32/10), loss=0.2586, acc=0.9062; 0.219 sec/batch)
2017-07-22 21:56:51.503277: step=1770(42/10), loss=0.2212, acc=0.9688; 0.151 sec/batch)
2017-07-22 21:56:52.977044: step=1780(52/10), loss=0.2527, acc=0.8906; 0.140 sec/batch)
2017-07-22 21:56:54.328869: step=1790(62/10), loss=0.2588, acc=0.9375; 0.137 sec/batch)
2017-07-22 21:56:58.776338: step=1800(72/10), loss=0.1397, acc=0.9531; 0.218 sec/batch)
2017-07-22 21:57:00.912400: step=1810(82/10), loss=0.3862, acc=0.8906; 0.178 sec/batch)
2017-07-22 21:57:02.980842: step=1820(92/10), loss=0.1147, acc=0.9531; 0.167 sec/batch)
2017-07-22 21:57:04.565724: step=1830(102/10), loss=0.0934, acc=0.9844; 0.087 sec/batch)
2017-07-22 21:57:05.944533: step=1840(112/10), loss=0.1258, acc=0.9688; 0.170 sec/batch)
2017-07-22 21:57:07.667034: step=1850(122/10), loss=0.1862, acc=0.9688; 0.232 sec/batch)
2017-07-22 21:57:13.636723: step=1860(132/10), loss=0.2652, acc=0.9531; 0.328 sec/batch)
2017-07-22 21:57:15.934409: step=1870(142/10), loss=0.2299, acc=0.9219; 0.203 sec/batch)
2017-07-22 21:57:17.921179: step=1880(152/10), loss=0.1318, acc=0.9688; 0.204 sec/batch)
2017-07-22 21:57:19.942119: step=1890(162/10), loss=0.0758, acc=1.0000; 0.180 sec/batch)
2017-07-22 21:57:21.493178: step=1900(172/10), loss=0.1725, acc=0.9375; 0.147 sec/batch)
2017-07-22 21:57:22.907063: step=1910(182/10), loss=0.0696, acc=0.9844; 0.127 sec/batch)
2017-07-22 21:57:24.328643: step=1920(0/11), loss=0.1916, acc=0.9375; 0.114 sec/batch)
2017-07-22 21:57:29.146092: step=1930(10/11), loss=0.1199, acc=0.9844; 0.172 sec/batch)
2017-07-22 21:57:30.910605: step=1940(20/11), loss=0.0646, acc=0.9844; 0.164 sec/batch)
2017-07-22 21:57:32.919363: step=1950(30/11), loss=0.1387, acc=0.9375; 0.216 sec/batch)
2017-07-22 21:57:35.197107: step=1960(40/11), loss=0.1238, acc=0.9688; 0.199 sec/batch)
2017-07-22 21:57:37.238350: step=1970(50/11), loss=0.1214, acc=0.9688; 0.180 sec/batch)
2017-07-22 21:57:39.253300: step=1980(60/11), loss=0.1865, acc=0.9688; 0.204 sec/batch)
2017-07-22 21:57:44.093313: step=1990(70/11), loss=0.1568, acc=0.9375; 0.197 sec/batch)
2017-07-22 21:57:46.197613: step=2000(80/11), loss=0.1459, acc=0.9531; 0.174 sec/batch)
2017-07-22 21:57:48.289450: step=2010(90/11), loss=0.2038, acc=0.9219; 0.226 sec/batch)
2017-07-22 21:57:50.279257: step=2020(100/11), loss=0.1417, acc=0.9375; 0.132 sec/batch)
2017-07-22 21:57:51.674409: step=2030(110/11), loss=0.1778, acc=0.9375; 0.121 sec/batch)
2017-07-22 21:57:53.034583: step=2040(120/11), loss=0.1550, acc=0.9688; 0.146 sec/batch)
2017-07-22 21:57:56.908525: step=2050(130/11), loss=0.1787, acc=0.9375; 0.172 sec/batch)
2017-07-22 21:57:58.679215: step=2060(140/11), loss=0.1652, acc=0.9531; 0.231 sec/batch)
2017-07-22 21:58:01.292065: step=2070(150/11), loss=0.3052, acc=0.9062; 0.284 sec/batch)
2017-07-22 21:58:04.187529: step=2080(160/11), loss=0.2595, acc=0.9375; 0.300 sec/batch)
2017-07-22 21:58:06.599136: step=2090(170/11), loss=0.1148, acc=0.9531; 0.210 sec/batch)
2017-07-22 21:58:08.638488: step=2100(180/11), loss=0.3057, acc=0.9219; 0.186 sec/batch)
2017-07-22 21:58:10.176645: step=2110(190/11), loss=0.5090, acc=0.8594; 0.151 sec/batch)
2017-07-22 21:58:14.826567: step=2120(8/12), loss=0.0746, acc=0.9844; 0.191 sec/batch)
2017-07-22 21:58:16.885961: step=2130(18/12), loss=0.1435, acc=0.9531; 0.218 sec/batch)
2017-07-22 21:58:18.958559: step=2140(28/12), loss=0.1292, acc=0.9688; 0.225 sec/batch)
2017-07-22 21:58:20.843419: step=2150(38/12), loss=0.1327, acc=0.9531; 0.135 sec/batch)
2017-07-22 21:58:22.248055: step=2160(48/12), loss=0.0523, acc=1.0000; 0.142 sec/batch)
2017-07-22 21:58:23.699493: step=2170(58/12), loss=0.1065, acc=0.9688; 0.140 sec/batch)
2017-07-22 21:58:28.107184: step=2180(68/12), loss=0.2015, acc=0.9219; 0.226 sec/batch)
2017-07-22 21:58:30.857241: step=2190(78/12), loss=0.2357, acc=0.9375; 0.263 sec/batch)
2017-07-22 21:58:33.654622: step=2200(88/12), loss=0.0702, acc=0.9844; 0.271 sec/batch)
2017-07-22 21:58:36.324144: step=2210(98/12), loss=0.2220, acc=0.9219; 0.271 sec/batch)
2017-07-22 21:58:37.955759: step=2220(108/12), loss=0.1084, acc=0.9531; 0.139 sec/batch)
2017-07-22 21:58:39.431558: step=2230(118/12), loss=0.1568, acc=0.9375; 0.137 sec/batch)
2017-07-22 21:58:40.872397: step=2240(128/12), loss=0.1302, acc=0.9688; 0.145 sec/batch)
2017-07-22 21:58:45.604579: step=2250(138/12), loss=0.1643, acc=0.9531; 0.180 sec/batch)
2017-07-22 21:58:47.764886: step=2260(148/12), loss=0.0847, acc=0.9531; 0.223 sec/batch)
2017-07-22 21:58:49.814630: step=2270(158/12), loss=0.2575, acc=0.9219; 0.244 sec/batch)
2017-07-22 21:58:51.626956: step=2280(168/12), loss=0.2221, acc=0.9844; 0.098 sec/batch)
2017-07-22 21:58:52.541990: step=2290(178/12), loss=0.1665, acc=0.9688; 0.092 sec/batch)
2017-07-22 21:58:53.866869: step=2300(188/12), loss=0.0765, acc=0.9844; 0.142 sec/batch)
2017-07-22 21:58:59.390335: step=2310(6/13), loss=0.0682, acc=0.9844; 0.238 sec/batch)
2017-07-22 21:59:02.236507: step=2320(16/13), loss=0.1502, acc=0.9531; 0.235 sec/batch)
2017-07-22 21:59:04.536389: step=2330(26/13), loss=0.1867, acc=0.9219; 0.217 sec/batch)
2017-07-22 21:59:06.651253: step=2340(36/13), loss=0.1020, acc=0.9688; 0.230 sec/batch)
2017-07-22 21:59:08.172153: step=2350(46/13), loss=0.2083, acc=0.9375; 0.136 sec/batch)
2017-07-22 21:59:09.585970: step=2360(56/13), loss=0.2183, acc=0.9062; 0.136 sec/batch)
2017-07-22 21:59:13.875890: step=2370(66/13), loss=0.0676, acc=0.9688; 0.187 sec/batch)
2017-07-22 21:59:15.947998: step=2380(76/13), loss=0.1499, acc=0.9688; 0.176 sec/batch)
2017-07-22 21:59:18.021529: step=2390(86/13), loss=0.0756, acc=0.9844; 0.206 sec/batch)
2017-07-22 21:59:19.631331: step=2400(96/13), loss=0.1388, acc=0.9375; 0.123 sec/batch)
2017-07-22 21:59:21.373815: step=2410(106/13), loss=0.1396, acc=0.9688; 0.168 sec/batch)
2017-07-22 21:59:23.281263: step=2420(116/13), loss=0.3083, acc=0.9375; 0.197 sec/batch)
2017-07-22 21:59:25.308202: step=2430(126/13), loss=0.1742, acc=0.9219; 0.207 sec/batch)
2017-07-22 21:59:30.912904: step=2440(136/13), loss=0.1643, acc=0.9219; 0.229 sec/batch)
2017-07-22 21:59:32.893695: step=2450(146/13), loss=0.0777, acc=0.9844; 0.206 sec/batch)
2017-07-22 21:59:34.965811: step=2460(156/13), loss=0.2241, acc=0.9219; 0.233 sec/batch)
2017-07-22 21:59:36.839793: step=2470(166/13), loss=0.3248, acc=0.8906; 0.139 sec/batch)
2017-07-22 21:59:38.247969: step=2480(176/13), loss=0.1342, acc=0.9531; 0.134 sec/batch)
2017-07-22 21:59:39.687738: step=2490(186/13), loss=0.0517, acc=1.0000; 0.173 sec/batch)
2017-07-22 21:59:43.969251: step=2500(4/14), loss=0.2298, acc=0.8906; 0.190 sec/batch)
2017-07-22 21:59:45.636153: step=2510(14/14), loss=0.1390, acc=0.9375; 0.178 sec/batch)
2017-07-22 21:59:47.693851: step=2520(24/14), loss=0.1291, acc=0.9375; 0.248 sec/batch)
2017-07-22 21:59:50.495492: step=2530(34/14), loss=0.1439, acc=0.9375; 0.270 sec/batch)
2017-07-22 21:59:52.856368: step=2540(44/14), loss=0.2935, acc=0.9062; 0.228 sec/batch)
2017-07-22 21:59:54.933059: step=2550(54/14), loss=0.1725, acc=0.9688; 0.214 sec/batch)
2017-07-22 21:59:56.979350: step=2560(64/14), loss=0.0436, acc=0.9844; 0.143 sec/batch)
2017-07-22 22:00:01.618990: step=2570(74/14), loss=0.1705, acc=0.9219; 0.232 sec/batch)
2017-07-22 22:00:03.641952: step=2580(84/14), loss=0.2586, acc=0.9219; 0.223 sec/batch)
2017-07-22 22:00:05.716714: step=2590(94/14), loss=0.1250, acc=0.9531; 0.166 sec/batch)
2017-07-22 22:00:07.659416: step=2600(104/14), loss=0.0510, acc=0.9844; 0.132 sec/batch)
2017-07-22 22:00:09.066043: step=2610(114/14), loss=0.0968, acc=0.9688; 0.143 sec/batch)
2017-07-22 22:00:10.489308: step=2620(124/14), loss=0.0544, acc=0.9844; 0.142 sec/batch)
2017-07-22 22:00:14.761444: step=2630(134/14), loss=0.0620, acc=0.9844; 0.291 sec/batch)
2017-07-22 22:00:17.546921: step=2640(144/14), loss=0.2816, acc=0.8906; 0.276 sec/batch)
2017-07-22 22:00:20.468545: step=2650(154/14), loss=0.1053, acc=0.9688; 0.256 sec/batch)
2017-07-22 22:00:23.184809: step=2660(164/14), loss=0.0968, acc=0.9531; 0.231 sec/batch)
2017-07-22 22:00:25.072241: step=2670(174/14), loss=0.2112, acc=0.9219; 0.144 sec/batch)
2017-07-22 22:00:26.552937: step=2680(184/14), loss=0.1163, acc=0.9531; 0.144 sec/batch)
2017-07-22 22:00:30.722899: step=2690(2/15), loss=0.2639, acc=0.9062; 0.163 sec/batch)
2017-07-22 22:00:32.769842: step=2700(12/15), loss=0.0743, acc=0.9688; 0.192 sec/batch)
2017-07-22 22:00:34.915028: step=2710(22/15), loss=0.1817, acc=0.9375; 0.208 sec/batch)
2017-07-22 22:00:36.957644: step=2720(32/15), loss=0.0821, acc=0.9688; 0.207 sec/batch)
2017-07-22 22:00:38.519612: step=2730(42/15), loss=0.1039, acc=0.9688; 0.140 sec/batch)
2017-07-22 22:00:39.713569: step=2740(52/15), loss=0.0594, acc=1.0000; 0.095 sec/batch)
2017-07-22 22:00:40.942057: step=2750(62/15), loss=0.0635, acc=0.9844; 0.181 sec/batch)
2017-07-22 22:00:46.667237: step=2760(72/15), loss=0.1607, acc=0.9375; 0.216 sec/batch)
2017-07-22 22:00:49.502187: step=2770(82/15), loss=0.3373, acc=0.9062; 0.270 sec/batch)
2017-07-22 22:00:51.759079: step=2780(92/15), loss=0.2570, acc=0.9375; 0.214 sec/batch)
2017-07-22 22:00:53.803822: step=2790(102/15), loss=0.0913, acc=0.9531; 0.143 sec/batch)
2017-07-22 22:00:55.309120: step=2800(112/15), loss=0.1254, acc=0.9844; 0.143 sec/batch)
2017-07-22 22:00:56.729913: step=2810(122/15), loss=0.1466, acc=0.9688; 0.153 sec/batch)
2017-07-22 22:01:00.865201: step=2820(132/15), loss=0.1278, acc=0.9531; 0.245 sec/batch)
2017-07-22 22:01:03.134936: step=2830(142/15), loss=0.1486, acc=0.9375; 0.231 sec/batch)
2017-07-22 22:01:05.273855: step=2840(152/15), loss=0.1788, acc=0.9375; 0.195 sec/batch)
2017-07-22 22:01:07.080607: step=2850(162/15), loss=0.0996, acc=0.9688; 0.136 sec/batch)
2017-07-22 22:01:08.358422: step=2860(172/15), loss=0.1077, acc=0.9531; 0.116 sec/batch)
2017-07-22 22:01:10.215348: step=2870(182/15), loss=0.1011, acc=0.9688; 0.157 sec/batch)
2017-07-22 22:01:12.438285: step=2880(0/16), loss=0.0881, acc=0.9688; 0.233 sec/batch)
2017-07-22 22:01:18.326293: step=2890(10/16), loss=0.1027, acc=0.9531; 0.202 sec/batch)
2017-07-22 22:01:20.394208: step=2900(20/16), loss=0.1112, acc=0.9531; 0.224 sec/batch)
2017-07-22 22:01:22.451898: step=2910(30/16), loss=0.3708, acc=0.9375; 0.195 sec/batch)
2017-07-22 22:01:24.295356: step=2920(40/16), loss=0.2199, acc=0.9062; 0.139 sec/batch)
2017-07-22 22:01:25.757289: step=2930(50/16), loss=0.1273, acc=0.9531; 0.146 sec/batch)
2017-07-22 22:01:27.139508: step=2940(60/16), loss=0.0627, acc=0.9844; 0.147 sec/batch)
2017-07-22 22:01:31.593951: step=2950(70/16), loss=0.0371, acc=1.0000; 0.176 sec/batch)
2017-07-22 22:01:33.343631: step=2960(80/16), loss=0.1421, acc=0.9531; 0.124 sec/batch)
2017-07-22 22:01:35.328174: step=2970(90/16), loss=0.1462, acc=0.9219; 0.239 sec/batch)
2017-07-22 22:01:38.000771: step=2980(100/16), loss=0.2203, acc=0.9375; 0.297 sec/batch)
2017-07-22 22:01:40.066464: step=2990(110/16), loss=0.0657, acc=0.9844; 0.182 sec/batch)
2017-07-22 22:01:42.153481: step=3000(120/16), loss=0.0950, acc=0.9688; 0.187 sec/batch)
2017-07-22 22:01:46.945491: step=3010(130/16), loss=0.2074, acc=0.9375; 0.238 sec/batch)
2017-07-22 22:01:48.995957: step=3020(140/16), loss=0.1493, acc=0.9688; 0.213 sec/batch)
2017-07-22 22:01:51.096023: step=3030(150/16), loss=0.0989, acc=0.9688; 0.200 sec/batch)
2017-07-22 22:01:53.289845: step=3040(160/16), loss=0.0763, acc=0.9844; 0.228 sec/batch)
2017-07-22 22:01:54.928090: step=3050(170/16), loss=0.1449, acc=0.9688; 0.159 sec/batch)
2017-07-22 22:01:56.338424: step=3060(180/16), loss=0.1016, acc=0.9844; 0.143 sec/batch)
2017-07-22 22:01:57.781518: step=3070(190/16), loss=0.2206, acc=0.9219; 0.133 sec/batch)
2017-07-22 22:02:02.195160: step=3080(8/17), loss=0.0457, acc=1.0000; 0.308 sec/batch)
2017-07-22 22:02:04.966635: step=3090(18/17), loss=0.1003, acc=0.9688; 0.329 sec/batch)
2017-07-22 22:02:07.748752: step=3100(28/17), loss=0.0374, acc=0.9844; 0.291 sec/batch)
2017-07-22 22:02:10.450354: step=3110(38/17), loss=0.1011, acc=0.9844; 0.307 sec/batch)
2017-07-22 22:02:12.408444: step=3120(48/17), loss=0.0604, acc=0.9844; 0.137 sec/batch)
2017-07-22 22:02:13.893893: step=3130(58/17), loss=0.1679, acc=0.9531; 0.123 sec/batch)
2017-07-22 22:02:18.142000: step=3140(68/17), loss=0.0918, acc=1.0000; 0.208 sec/batch)
2017-07-22 22:02:20.184997: step=3150(78/17), loss=0.0472, acc=0.9688; 0.234 sec/batch)
2017-07-22 22:02:22.335032: step=3160(88/17), loss=0.1963, acc=0.9375; 0.189 sec/batch)
2017-07-22 22:02:24.456887: step=3170(98/17), loss=0.1159, acc=0.9688; 0.212 sec/batch)
2017-07-22 22:02:26.085455: step=3180(108/17), loss=0.1774, acc=0.9531; 0.144 sec/batch)
2017-07-22 22:02:27.205986: step=3190(118/17), loss=0.0959, acc=0.9844; 0.087 sec/batch)
2017-07-22 22:02:28.147274: step=3200(128/17), loss=0.2079, acc=0.9375; 0.146 sec/batch)
2017-07-22 22:02:34.387855: step=3210(138/17), loss=0.2090, acc=0.9375; 0.300 sec/batch)
2017-07-22 22:02:37.237772: step=3220(148/17), loss=0.1994, acc=0.9062; 0.300 sec/batch)
2017-07-22 22:02:39.763653: step=3230(158/17), loss=0.0762, acc=0.9844; 0.218 sec/batch)
2017-07-22 22:02:41.453876: step=3240(168/17), loss=0.0687, acc=0.9844; 0.170 sec/batch)
2017-07-22 22:02:42.935463: step=3250(178/17), loss=0.1132, acc=0.9844; 0.141 sec/batch)
2017-07-22 22:02:44.326763: step=3260(188/17), loss=0.2697, acc=0.9375; 0.132 sec/batch)
2017-07-22 22:02:48.842082: step=3270(6/18), loss=0.1030, acc=0.9688; 0.235 sec/batch)
2017-07-22 22:02:51.042552: step=3280(16/18), loss=0.0653, acc=0.9844; 0.199 sec/batch)
2017-07-22 22:02:53.130333: step=3290(26/18), loss=0.1718, acc=0.9531; 0.223 sec/batch)
2017-07-22 22:02:54.836501: step=3300(36/18), loss=0.1579, acc=0.9531; 0.162 sec/batch)
2017-07-22 22:02:56.367852: step=3310(46/18), loss=0.1347, acc=0.9688; 0.154 sec/batch)
2017-07-22 22:02:58.345947: step=3320(56/18), loss=0.2440, acc=0.9219; 0.257 sec/batch)
2017-07-22 22:03:03.804812: step=3330(66/18), loss=0.2456, acc=0.9219; 0.259 sec/batch)
2017-07-22 22:03:06.142050: step=3340(76/18), loss=0.0738, acc=0.9688; 0.202 sec/batch)
2017-07-22 22:03:08.183038: step=3350(86/18), loss=0.1663, acc=0.9531; 0.217 sec/batch)
2017-07-22 22:03:10.252790: step=3360(96/18), loss=0.1535, acc=0.9531; 0.204 sec/batch)
2017-07-22 22:03:12.018000: step=3370(106/18), loss=0.0557, acc=0.9844; 0.141 sec/batch)
2017-07-22 22:03:13.471188: step=3380(116/18), loss=0.1130, acc=0.9531; 0.134 sec/batch)
2017-07-22 22:03:14.895566: step=3390(126/18), loss=0.1506, acc=0.9531; 0.141 sec/batch)
2017-07-22 22:03:19.473697: step=3400(136/18), loss=0.1319, acc=0.9531; 0.210 sec/batch)
2017-07-22 22:03:21.165922: step=3410(146/18), loss=0.0690, acc=0.9844; 0.178 sec/batch)
2017-07-22 22:03:23.502092: step=3420(156/18), loss=0.0432, acc=0.9844; 0.265 sec/batch)
2017-07-22 22:03:26.349393: step=3430(166/18), loss=0.1631, acc=0.9375; 0.210 sec/batch)
2017-07-22 22:03:28.506055: step=3440(176/18), loss=0.0965, acc=0.9688; 0.211 sec/batch)
2017-07-22 22:03:30.694109: step=3450(186/18), loss=0.1155, acc=0.9688; 0.249 sec/batch)
2017-07-22 22:03:35.403764: step=3460(4/19), loss=0.0908, acc=0.9688; 0.190 sec/batch)
2017-07-22 22:03:37.545674: step=3470(14/19), loss=0.1275, acc=0.9531; 0.243 sec/batch)
2017-07-22 22:03:39.631453: step=3480(24/19), loss=0.0501, acc=1.0000; 0.217 sec/batch)
2017-07-22 22:03:41.824764: step=3490(34/19), loss=0.1226, acc=0.9375; 0.225 sec/batch)
2017-07-22 22:03:43.266736: step=3500(44/19), loss=0.0429, acc=1.0000; 0.149 sec/batch)
2017-07-22 22:03:44.694038: step=3510(54/19), loss=0.0290, acc=0.9844; 0.138 sec/batch)
2017-07-22 22:03:46.137790: step=3520(64/19), loss=0.0431, acc=0.9844; 0.143 sec/batch)
2017-07-22 22:03:51.039843: step=3530(74/19), loss=0.0552, acc=0.9844; 0.277 sec/batch)
2017-07-22 22:03:53.894908: step=3540(84/19), loss=0.1602, acc=0.9531; 0.278 sec/batch)
2017-07-22 22:03:56.727719: step=3550(94/19), loss=0.0781, acc=0.9844; 0.287 sec/batch)
2017-07-22 22:03:59.262483: step=3560(104/19), loss=0.0368, acc=1.0000; 0.190 sec/batch)
2017-07-22 22:04:00.723916: step=3570(114/19), loss=0.1055, acc=0.9688; 0.155 sec/batch)
2017-07-22 22:04:02.193253: step=3580(124/19), loss=0.1433, acc=0.9531; 0.134 sec/batch)
2017-07-22 22:04:06.618546: step=3590(134/19), loss=0.1454, acc=0.9688; 0.208 sec/batch)
2017-07-22 22:04:08.700634: step=3600(144/19), loss=0.2027, acc=0.9531; 0.232 sec/batch)
2017-07-22 22:04:10.824838: step=3610(154/19), loss=0.0770, acc=0.9844; 0.203 sec/batch)
2017-07-22 22:04:12.973519: step=3620(164/19), loss=0.0725, acc=0.9844; 0.236 sec/batch)
2017-07-22 22:04:14.413126: step=3630(174/19), loss=0.1982, acc=0.9531; 0.087 sec/batch)
2017-07-22 22:04:15.463930: step=3640(184/19), loss=0.0286, acc=1.0000; 0.122 sec/batch)
2017-07-22 22:04:20.333457: step=3650(2/20), loss=0.1534, acc=0.9531; 0.276 sec/batch)
2017-07-22 22:04:23.052931: step=3660(12/20), loss=0.1313, acc=0.9531; 0.257 sec/batch)
2017-07-22 22:04:25.782143: step=3670(22/20), loss=0.0645, acc=0.9688; 0.176 sec/batch)
2017-07-22 22:04:27.880075: step=3680(32/20), loss=0.0746, acc=0.9688; 0.207 sec/batch)
2017-07-22 22:04:29.733366: step=3690(42/20), loss=0.1134, acc=0.9531; 0.138 sec/batch)
2017-07-22 22:04:31.221823: step=3700(52/20), loss=0.0488, acc=0.9844; 0.142 sec/batch)
2017-07-22 22:04:32.640210: step=3710(62/20), loss=0.0714, acc=0.9844; 0.137 sec/batch)
2017-07-22 22:04:37.342827: step=3720(72/20), loss=0.1514, acc=0.9531; 0.187 sec/batch)
2017-07-22 22:04:39.474115: step=3730(82/20), loss=0.1775, acc=0.9531; 0.237 sec/batch)
2017-07-22 22:04:41.440785: step=3740(92/20), loss=0.0856, acc=0.9688; 0.123 sec/batch)
2017-07-22 22:04:43.137291: step=3750(102/20), loss=0.0293, acc=1.0000; 0.177 sec/batch)